<?xml version="1.0" encoding="UTF-8"?>
<!-- Generated by org.testng.reporters.JUnitReportReporter -->
<testsuite skipped="0" hostname="LAPTOP-7OMQ8O0S" name="com.demo.test.AutomationTest3" tests="1" failures="0" timestamp="10 Dec 2021 10:56:55 GMT" time="26.944" errors="0">
  <testcase name="automationTest3" time="26.944" classname="com.demo.test.AutomationTest3"/>
</testsuite> <!-- com.demo.test.AutomationTest3 -->
