<?xml version="1.0" encoding="UTF-8"?>
<!-- Generated by org.testng.reporters.JUnitReportReporter -->
<testsuite skipped="0" hostname="LAPTOP-7OMQ8O0S" name="com.demo.test.AutomationTest2" tests="1" failures="0" timestamp="10 Dec 2021 10:56:55 GMT" time="8.099" errors="0">
  <testcase name="automationTest2" time="8.099" classname="com.demo.test.AutomationTest2"/>
</testsuite> <!-- com.demo.test.AutomationTest2 -->
